<?xml version="1.0" encoding="UTF-8"?>
<!-- Generated by org.testng.reporters.JUnitReportReporter -->
<testsuite hostname="Gowtham-R-Dell-System" failures="0" tests="1" name="testNgassertion.as1" time="3.974" errors="0" timestamp="2023-04-27T08:37:21 IST" skipped="0">
  <testcase classname="testNgassertion.as1" name="hrd" time="3.974"/>
  <system-out/>
</testsuite> <!-- testNgassertion.as1 -->
