<?xml version="1.0" encoding="UTF-8"?>
<!-- Generated by org.testng.reporters.JUnitReportReporter -->
<testsuite hostname="Gowtham-R-Dell-System" failures="0" tests="5" name="TestNG.a1" time="0.009" errors="0" timestamp="2023-04-24T08:47:12 IST" skipped="1">
  <testcase classname="TestNG.a1" name="t1" time="0.006"/>
  <system-out/>
  <testcase classname="TestNG.a1" name="ab" time="0.001"/>
  <system-out/>
  <testcase classname="TestNG.a1" name="ab" time="0.001"/>
  <system-out/>
  <testcase classname="TestNG.a1" name="ab" time="0.001"/>
  <system-out/>
  <testcase classname="TestNG.a1" name="t2">
    <skipped/>
  </testcase> <!-- t2 -->
  <system-out/>
</testsuite> <!-- TestNG.a1 -->
