<?xml version="1.0" encoding="UTF-8"?>
<!-- Generated by org.testng.reporters.JUnitReportReporter -->
<testsuite hostname="Gowtham-R-Dell-System" failures="0" tests="1" name="testNgassertion.sa" time="3.604" errors="0" timestamp="2023-04-27T08:40:58 IST" skipped="0">
  <testcase classname="testNgassertion.sa" name="sft" time="3.604"/>
  <system-out/>
</testsuite> <!-- testNgassertion.sa -->
