<?xml version="1.0" encoding="UTF-8"?>
<!-- Generated by org.testng.reporters.JUnitReportReporter -->
<testsuite hostname="Gowtham-R-Dell-System" failures="0" tests="2" name="tetngannotations.a1" time="0.248" errors="0" timestamp="2023-04-27T08:36:03 IST" skipped="0">
  <testcase classname="tetngannotations.a1" name="tc1" time="0.086"/>
  <system-out/>
  <testcase classname="tetngannotations.a1" name="tc2" time="0.162"/>
  <system-out/>
</testsuite> <!-- tetngannotations.a1 -->
