<?xml version="1.0" encoding="UTF-8"?>
<!-- Generated by org.testng.reporters.JUnitReportReporter -->
<testsuite hostname="Gowtham-R-Dell-System" failures="0" tests="3" name="tetngannotations.dp" time="21.802" errors="0" timestamp="2023-05-04T08:35:09 IST" skipped="0">
  <testcase classname="tetngannotations.dp" name="DataProvSampleTest" time="5.979"/>
  <system-out/>
  <testcase classname="tetngannotations.dp" name="DataProvSampleTest" time="5.779"/>
  <system-out/>
  <testcase classname="tetngannotations.dp" name="DataProvSampleTest" time="10.044"/>
  <system-out/>
</testsuite> <!-- tetngannotations.dp -->
