<?xml version="1.0" encoding="UTF-8"?>
<!-- Generated by org.testng.reporters.JUnitReportReporter -->
<testsuite hostname="Gowtham-R-Dell-System" failures="0" tests="1" name="tesngwaits.ew" time="3.979" errors="0" timestamp="2023-05-02T08:45:11 IST" skipped="0">
  <testcase classname="tesngwaits.ew" name="t1" time="3.979"/>
  <system-out/>
</testsuite> <!-- tesngwaits.ew -->
