<?xml version="1.0" encoding="UTF-8"?>
<!-- Generated by org.testng.reporters.JUnitReportReporter -->
<testsuite hostname="Gowtham-R-Dell-System" failures="0" tests="7" name="TestNG.d21" time="8.598" errors="0" timestamp="2023-04-25T08:49:01 IST" skipped="0">
  <testcase classname="TestNG.d21" name="visit" time="4.742"/>
  <system-out/>
  <testcase classname="TestNG.d21" name="max" time="0.135"/>
  <system-out/>
  <testcase classname="TestNG.d21" name="refresh" time="0.009"/>
  <system-out/>
  <testcase classname="TestNG.d21" name="refresh" time="1.192"/>
  <system-out/>
  <testcase classname="TestNG.d21" name="refresh" time="0.010"/>
  <system-out/>
  <testcase classname="TestNG.d21" name="click" time="0.365"/>
  <system-out/>
  <testcase classname="TestNG.d21" name="close" time="2.145"/>
  <system-out/>
</testsuite> <!-- TestNG.d21 -->
